#
# There is insufficient memory for the Java Runtime Environment to continue.
# Native memory allocation (mmap) failed to map 123731968 bytes for G1 virtual space
# Possible reasons:
#   The system is out of physical RAM or swap space
#   The process is running with CompressedOops enabled, and the Java Heap may be blocking the growth of the native heap
# Possible solutions:
#   Reduce memory load on the system
#   Increase physical memory or swap space
#   Check if swap backing store is full
#   Decrease Java heap size (-Xmx/-Xms)
#   Decrease number of Java threads
#   Decrease Java thread stack sizes (-Xss)
#   Set larger code cache with -XX:ReservedCodeCacheSize=
#   JVM is running with Unscaled Compressed Oops mode in which the Java heap is
#     placed in the first 4GB address space. The Java Heap base address is the
#     maximum limit for the native heap growth. Please use -XX:HeapBaseMinAddress
#     to set the Java Heap base and to place the Java Heap above 4GB virtual address.
# This output file may be truncated or incomplete.
#
#  Out of Memory Error (os_windows.cpp:3550), pid=22628, tid=27604
#
# JRE version:  (17.0.7+8) (build )
# Java VM: Java HotSpot(TM) 64-Bit Server VM (17.0.7+8-LTS-224, mixed mode, sharing, tiered, compressed oops, compressed class ptrs, g1 gc, windows-amd64)
# No core dump will be written. Minidumps are not enabled by default on client versions of Windows
#

---------------  S U M M A R Y ------------

Command Line: -Dfile.encoding=UTF-8 --module-path=C:\Users\user\Documents\NetBeansProjects\banking management system\build\classes banking.management.system.Deposit

Host: AMD Ryzen 5 5600H with Radeon Graphics         , 12 cores, 7G,  Windows 10 , 64 bit Build 19041 (10.0.19041.3031)
Time: Mon Jun 26 17:50:27 2023 India Standard Time elapsed time: 0.018316 seconds (0d 0h 0m 0s)

---------------  T H R E A D  ---------------

Current thread (0x000002441228c010):  JavaThread "Unknown thread" [_thread_in_vm, id=27604, stack(0x0000005853600000,0x0000005853700000)]

Stack: [0x0000005853600000,0x0000005853700000]
Native frames: (J=compiled Java code, j=interpreted, Vv=VM code, C=native code)
V  [jvm.dll+0x676a4a]
V  [jvm.dll+0x7d74f4]
V  [jvm.dll+0x7d8c9e]
V  [jvm.dll+0x7d9303]
V  [jvm.dll+0x2452c5]
V  [jvm.dll+0x6738f9]
V  [jvm.dll+0x668232]
V  [jvm.dll+0x302826]
V  [jvm.dll+0x309da6]
V  [jvm.dll+0x35952e]
V  [jvm.dll+0x35975f]
V  [jvm.dll+0x2d9a38]
V  [jvm.dll+0x2da9a4]
V  [jvm.dll+0x7a8fb1]
V  [jvm.dll+0x3670e1]
V  [jvm.dll+0x788359]
V  [jvm.dll+0x3ea5ef]
V  [jvm.dll+0x3ec071]
C  [jli.dll+0x5297]
C  [ucrtbase.dll+0x21bb2]
C  [KERNEL32.DLL+0x17614]
C  [ntdll.dll+0x526f1]


---------------  P R O C E S S  ---------------

Threads class SMR info:
_java_thread_list=0x00007ff8d2d24998, length=0, elements={
}

Java Threads: ( => current thread )

Other Threads:
  0x00000244122e2770 GCTaskThread "GC Thread#0" [stack: 0x0000005853700000,0x0000005853800000] [id=27624]
  0x00000244122f21f0 ConcurrentGCThread "G1 Main Marker" [stack: 0x0000005853800000,0x0000005853900000] [id=27640]
  0x00000244122f33a0 ConcurrentGCThread "G1 Conc#0" [stack: 0x0000005853900000,0x0000005853a00000] [id=12244]

[error occurred during error reporting (printing all threads), id 0xc0000005, EXCEPTION_ACCESS_VIOLATION (0xc0000005) at pc=0x00007ff8d255a697]

VM state: not at safepoint (not fully initialized)

VM Mutex/Monitor currently owned by a thread:  ([mutex/lock_event])
[0x0000024412286bb0] Heap_lock - owner thread: 0x000002441228c010

Heap address: 0x000000008a600000, size: 1882 MB, Compressed Oops mode: 32-bit

CDS archive(s) mapped at: [0x0000000000000000-0x0000000000000000-0x0000000000000000), size 0, SharedBaseAddress: 0x0000000800000000, ArchiveRelocationMode: 0.
Narrow klass base: 0x0000000000000000, Narrow klass shift: 0, Narrow klass range: 0x0

GC Precious Log:
<Empty>

Heap:
 garbage-first heap   total 0K, used 0K [0x000000008a600000, 0x0000000100000000)
  region size 1024K, 0 young (0K), 0 survivors (0K)

[error occurred during error reporting (printing heap information), id 0xc0000005, EXCEPTION_ACCESS_VIOLATION (0xc0000005) at pc=0x00007ff8d29400b9]

GC Heap History (0 events):
No events

Deoptimization events (0 events):
No events

Classes unloaded (0 events):
No events

Classes redefined (0 events):
No events

Internal exceptions (0 events):
No events

VM Operations (0 events):
No events

Events (1 events):
Event: 0.012 Loaded shared library C:\Program Files\Java\jdk-17\bin\java.dll


Dynamic libraries:
0x00007ff725f60000 - 0x00007ff725f70000 	C:\Program Files\Java\jdk-17\bin\java.exe
0x00007ff9200f0000 - 0x00007ff9202e8000 	C:\WINDOWS\SYSTEM32\ntdll.dll
0x00007ff91fb00000 - 0x00007ff91fbbf000 	C:\WINDOWS\System32\KERNEL32.DLL
0x00007ff91dbc0000 - 0x00007ff91deb6000 	C:\WINDOWS\System32\KERNELBASE.dll
0x00007ff91df90000 - 0x00007ff91e090000 	C:\WINDOWS\System32\ucrtbase.dll
0x00007ff917d60000 - 0x00007ff917d7b000 	C:\Program Files\Java\jdk-17\bin\VCRUNTIME140.dll
0x00007ff919300000 - 0x00007ff919319000 	C:\Program Files\Java\jdk-17\bin\jli.dll
0x00007ff91e150000 - 0x00007ff91e1ff000 	C:\WINDOWS\System32\ADVAPI32.dll
0x00007ff91f7b0000 - 0x00007ff91f84e000 	C:\WINDOWS\System32\msvcrt.dll
0x00007ff91f6a0000 - 0x00007ff91f73c000 	C:\WINDOWS\System32\sechost.dll
0x00007ff91e210000 - 0x00007ff91e336000 	C:\WINDOWS\System32\RPCRT4.dll
0x00007ff91fbf0000 - 0x00007ff91fd8d000 	C:\WINDOWS\System32\USER32.dll
0x00007ff902260000 - 0x00007ff9024fa000 	C:\WINDOWS\WinSxS\amd64_microsoft.windows.common-controls_6595b64144ccf1df_6.0.19041.1110_none_60b5254171f9507e\COMCTL32.dll
0x00007ff91dec0000 - 0x00007ff91dee2000 	C:\WINDOWS\System32\win32u.dll
0x00007ff91fbc0000 - 0x00007ff91fbec000 	C:\WINDOWS\System32\GDI32.dll
0x00007ff91d7d0000 - 0x00007ff91d8e5000 	C:\WINDOWS\System32\gdi32full.dll
0x00007ff91def0000 - 0x00007ff91df8d000 	C:\WINDOWS\System32\msvcp_win.dll
0x00007ff915050000 - 0x00007ff91505a000 	C:\WINDOWS\SYSTEM32\VERSION.dll
0x00007ff920080000 - 0x00007ff9200b0000 	C:\WINDOWS\System32\IMM32.DLL
0x00007ff9171f0000 - 0x00007ff9171fc000 	C:\Program Files\Java\jdk-17\bin\vcruntime140_1.dll
0x00007ff8e7cd0000 - 0x00007ff8e7d5e000 	C:\Program Files\Java\jdk-17\bin\msvcp140.dll
0x00007ff8d2270000 - 0x00007ff8d2e4d000 	C:\Program Files\Java\jdk-17\bin\server\jvm.dll
0x00007ff91e200000 - 0x00007ff91e208000 	C:\WINDOWS\System32\PSAPI.DLL
0x00007ff917d80000 - 0x00007ff917d89000 	C:\WINDOWS\SYSTEM32\WSOCK32.dll
0x00007ff90d580000 - 0x00007ff90d5a7000 	C:\WINDOWS\SYSTEM32\WINMM.dll
0x00007ff91f740000 - 0x00007ff91f7ab000 	C:\WINDOWS\System32\WS2_32.dll
0x00007ff91b680000 - 0x00007ff91b692000 	C:\WINDOWS\SYSTEM32\kernel.appcore.dll
0x00007ff915500000 - 0x00007ff91550a000 	C:\Program Files\Java\jdk-17\bin\jimage.dll
0x00007ff908f70000 - 0x00007ff909154000 	C:\WINDOWS\SYSTEM32\DBGHELP.DLL
0x00007ff8faa60000 - 0x00007ff8faa94000 	C:\WINDOWS\SYSTEM32\dbgcore.DLL
0x00007ff91e090000 - 0x00007ff91e112000 	C:\WINDOWS\System32\bcryptPrimitives.dll
0x00007ff8fe4f0000 - 0x00007ff8fe515000 	C:\Program Files\Java\jdk-17\bin\java.dll

dbghelp: loaded successfully - version: 4.0.5 - missing functions: none
symbol engine: initialized successfully - sym options: 0x614 - pdb path: .;C:\Program Files\Java\jdk-17\bin;C:\WINDOWS\SYSTEM32;C:\WINDOWS\WinSxS\amd64_microsoft.windows.common-controls_6595b64144ccf1df_6.0.19041.1110_none_60b5254171f9507e;C:\Program Files\Java\jdk-17\bin\server

VM Arguments:
jvm_args: -Dfile.encoding=UTF-8 --module-path=C:\Users\user\Documents\NetBeansProjects\banking management system\build\classes 
java_command: banking.management.system.Deposit
java_class_path (initial): C:\Users\user\Downloads\jcalendar-tz-1.3.3-4.jar;C:\Users\user\Downloads\mysql-connector-java-8.0.28.jar;C:\Users\user\Documents\NetBeansProjects\banking management system\build\classes
Launcher Type: SUN_STANDARD

[Global flags]
     intx CICompilerCount                          = 4                                         {product} {ergonomic}
     uint ConcGCThreads                            = 3                                         {product} {ergonomic}
     uint G1ConcRefinementThreads                  = 10                                        {product} {ergonomic}
   size_t G1HeapRegionSize                         = 1048576                                   {product} {ergonomic}
    uintx GCDrainStackTargetSize                   = 64                                        {product} {ergonomic}
   size_t InitialHeapSize                          = 123731968                                 {product} {ergonomic}
   size_t MarkStackSize                            = 4194304                                   {product} {ergonomic}
   size_t MaxHeapSize                              = 1973420032                                {product} {ergonomic}
   size_t MinHeapDeltaBytes                        = 1048576                                   {product} {ergonomic}
   size_t MinHeapSize                              = 8388608                                   {product} {ergonomic}
    uintx NonNMethodCodeHeapSize                   = 5839372                                {pd product} {ergonomic}
    uintx NonProfiledCodeHeapSize                  = 122909434                              {pd product} {ergonomic}
    uintx ProfiledCodeHeapSize                     = 122909434                              {pd product} {ergonomic}
    uintx ReservedCodeCacheSize                    = 251658240                              {pd product} {ergonomic}
     bool SegmentedCodeCache                       = true                                      {product} {ergonomic}
   size_t SoftMaxHeapSize                          = 1973420032                             {manageable} {ergonomic}
     bool UseCompressedClassPointers               = true                           {product lp64_product} {ergonomic}
     bool UseCompressedOops                        = true                           {product lp64_product} {ergonomic}
     bool UseG1GC                                  = true                                      {product} {ergonomic}
     bool UseLargePagesIndividualAllocation        = false                                  {pd product} {ergonomic}

Logging:
Log output configuration:
 #0: stdout all=warning uptime,level,tags
 #1: stderr all=off uptime,level,tags

Environment Variables:
PATH=C:\Program Files\Common Files\Oracle\Java\javapath;C:\WINDOWS\system32;C:\WINDOWS;C:\WINDOWS\System32\Wbem;C:\WINDOWS\System32\WindowsPowerShell\v1.0\;C:\WINDOWS\System32\OpenSSH\;C:\Program Files\Git\cmd;C:\Program Files\dotnet\;C:\Program Files\nodejs\;C:\Program Files\MySQL\MySQL Shell 8.0\bin\;C:\Users\user\AppData\Local\Microsoft\WindowsApps;C:\Users\user\AppData\Local\Programs\Hyper\resources\bin;C:\Users\user\AppData\Local\atom\bin;C:\Program Files\heroku\bin;C:\Users\user\AppData\Local\Programs\Microsoft VS Code\bin;C:\Users\user\AppData\Roaming\npm
USERNAME=user
OS=Windows_NT
PROCESSOR_IDENTIFIER=AMD64 Family 25 Model 80 Stepping 0, AuthenticAMD



---------------  S Y S T E M  ---------------

OS:
 Windows 10 , 64 bit Build 19041 (10.0.19041.3031)
OS uptime: 2 days 6:50 hours

CPU: total 12 (initial active 12) (12 cores per cpu, 2 threads per core) family 25 model 80 stepping 0 microcode 0x0, cx8, cmov, fxsr, ht, mmx, 3dnowpref, sse, sse2, sse3, ssse3, sse4a, sse4.1, sse4.2, popcnt, lzcnt, tsc, tscinvbit, avx, avx2, aes, erms, clmul, bmi1, bmi2, adx, sha, fma, vzeroupper, clflush, clflushopt

Memory: 4k page, system-wide physical 7524M (247M free)
TotalPageFile size 31076M (AvailPageFile size 25M)
current process WorkingSet (physical memory assigned to process): 10M, peak: 10M
current process commit charge ("private bytes"): 64M, peak: 182M

vm_info: Java HotSpot(TM) 64-Bit Server VM (17.0.7+8-LTS-224) for windows-amd64 JRE (17.0.7+8-LTS-224), built on Feb 28 2023 23:03:02 by "mach5one" with MS VC++ 17.1 (VS2022)

END.
